Build started 28/09/2016 6:59:48 CH.
     1>Project "d:\postgresql\pgtriggerGen-C\published\github-pgtriggerGen-C\IncSyncUpdate\IncSyncUpdate\IncSyncUpdate.vcxproj" on node 2 (Rebuild target(s)).
     1>ClCompile:
         C:\Program Files (x86)\Microsoft Visual Studio 14.0\VC\bin\CL.exe /c /I"d:\postgresql\postgresql-9.5.4-2-windows-binaries\include\\" /ZI /nologo /W3 /WX- /sdl- /Od /Oy- /D _MBCS /Gm /EHsc /RTC1 /MDd /GS /fp:precise /Zc:wchar_t /Zc:forScope /Zc:inline /Fo"Debug\\" /Fd"Debug\vc140.pdb" /Gd /TC /analyze- /errorReport:prompt "..\PgSQLMVTriggersGenerator v4\PgSQLMVTriggersGenerator\Main.c" "..\PgSQLMVTriggersGenerator v4\PgSQLMVTriggersGenerator\PMVTG.c" "..\PgSQLMVTriggersGenerator v4\PgSQLMVTriggersGenerator\PMVTG_Column.c" "..\PgSQLMVTriggersGenerator v4\PgSQLMVTriggersGenerator\PMVTG_CString.c" "..\PgSQLMVTriggersGenerator v4\PgSQLMVTriggersGenerator\PMVTG_Query.c" "..\PgSQLMVTriggersGenerator v4\PgSQLMVTriggersGenerator\PMVTG_Table.c"
         PMVTG_Table.c
         PMVTG_Query.c
     1>d:\postgresql\pgtriggergen-c\published\github-pgtriggergen-c\incsyncupdate\pgsqlmvtriggersgenerator v4\pgsqlmvtriggersgenerator\pmvtg_query.c(343): warning C4018: '<': signed/unsigned mismatch
         PMVTG_CString.c
     1>d:\postgresql\pgtriggergen-c\published\github-pgtriggergen-c\incsyncupdate\pgsqlmvtriggersgenerator v4\pgsqlmvtriggersgenerator\pmvtg_cstring.c(124): warning C4018: '<': signed/unsigned mismatch
     1>d:\postgresql\pgtriggergen-c\published\github-pgtriggergen-c\incsyncupdate\pgsqlmvtriggersgenerator v4\pgsqlmvtriggersgenerator\pmvtg_cstring.c(151): warning C4996: 'strcpy': This function or variable may be unsafe. Consider using strcpy_s instead. To disable deprecation, use _CRT_SECURE_NO_WARNINGS. See online help for details.
         c:\program files (x86)\windows kits\10\include\10.0.10150.0\ucrt\string.h(119): note: see declaration of 'strcpy'
     1>d:\postgresql\pgtriggergen-c\published\github-pgtriggergen-c\incsyncupdate\pgsqlmvtriggersgenerator v4\pgsqlmvtriggersgenerator\pmvtg_cstring.c(152): warning C4996: 'strcat': This function or variable may be unsafe. Consider using strcat_s instead. To disable deprecation, use _CRT_SECURE_NO_WARNINGS. See online help for details.
         c:\program files (x86)\windows kits\10\include\10.0.10150.0\ucrt\string.h(90): note: see declaration of 'strcat'
     1>d:\postgresql\pgtriggergen-c\published\github-pgtriggergen-c\incsyncupdate\pgsqlmvtriggersgenerator v4\pgsqlmvtriggersgenerator\pmvtg_cstring.c(168): warning C4996: 'strcpy': This function or variable may be unsafe. Consider using strcpy_s instead. To disable deprecation, use _CRT_SECURE_NO_WARNINGS. See online help for details.
         c:\program files (x86)\windows kits\10\include\10.0.10150.0\ucrt\string.h(119): note: see declaration of 'strcpy'
     1>d:\postgresql\pgtriggergen-c\published\github-pgtriggergen-c\incsyncupdate\pgsqlmvtriggersgenerator v4\pgsqlmvtriggersgenerator\pmvtg_cstring.c(169): warning C4996: 'strcat': This function or variable may be unsafe. Consider using strcat_s instead. To disable deprecation, use _CRT_SECURE_NO_WARNINGS. See online help for details.
         c:\program files (x86)\windows kits\10\include\10.0.10150.0\ucrt\string.h(90): note: see declaration of 'strcat'
     1>d:\postgresql\pgtriggergen-c\published\github-pgtriggergen-c\incsyncupdate\pgsqlmvtriggersgenerator v4\pgsqlmvtriggersgenerator\pmvtg_cstring.c(170): warning C4996: 'strcat': This function or variable may be unsafe. Consider using strcat_s instead. To disable deprecation, use _CRT_SECURE_NO_WARNINGS. See online help for details.
         c:\program files (x86)\windows kits\10\include\10.0.10150.0\ucrt\string.h(90): note: see declaration of 'strcat'
     1>d:\postgresql\pgtriggergen-c\published\github-pgtriggergen-c\incsyncupdate\pgsqlmvtriggersgenerator v4\pgsqlmvtriggersgenerator\pmvtg_cstring.c(189): warning C4996: 'strcpy': This function or variable may be unsafe. Consider using strcpy_s instead. To disable deprecation, use _CRT_SECURE_NO_WARNINGS. See online help for details.
         c:\program files (x86)\windows kits\10\include\10.0.10150.0\ucrt\string.h(119): note: see declaration of 'strcpy'
     1>d:\postgresql\pgtriggergen-c\published\github-pgtriggergen-c\incsyncupdate\pgsqlmvtriggersgenerator v4\pgsqlmvtriggersgenerator\pmvtg_cstring.c(190): warning C4996: 'strcat': This function or variable may be unsafe. Consider using strcat_s instead. To disable deprecation, use _CRT_SECURE_NO_WARNINGS. See online help for details.
         c:\program files (x86)\windows kits\10\include\10.0.10150.0\ucrt\string.h(90): note: see declaration of 'strcat'
     1>d:\postgresql\pgtriggergen-c\published\github-pgtriggergen-c\incsyncupdate\pgsqlmvtriggersgenerator v4\pgsqlmvtriggersgenerator\pmvtg_cstring.c(191): warning C4996: 'strcat': This function or variable may be unsafe. Consider using strcat_s instead. To disable deprecation, use _CRT_SECURE_NO_WARNINGS. See online help for details.
         c:\program files (x86)\windows kits\10\include\10.0.10150.0\ucrt\string.h(90): note: see declaration of 'strcat'
     1>d:\postgresql\pgtriggergen-c\published\github-pgtriggergen-c\incsyncupdate\pgsqlmvtriggersgenerator v4\pgsqlmvtriggersgenerator\pmvtg_cstring.c(206): warning C4996: 'strcpy': This function or variable may be unsafe. Consider using strcpy_s instead. To disable deprecation, use _CRT_SECURE_NO_WARNINGS. See online help for details.
         c:\program files (x86)\windows kits\10\include\10.0.10150.0\ucrt\string.h(119): note: see declaration of 'strcpy'
     1>d:\postgresql\pgtriggergen-c\published\github-pgtriggergen-c\incsyncupdate\pgsqlmvtriggersgenerator v4\pgsqlmvtriggersgenerator\pmvtg_cstring.c(207): warning C4996: 'strcat': This function or variable may be unsafe. Consider using strcat_s instead. To disable deprecation, use _CRT_SECURE_NO_WARNINGS. See online help for details.
         c:\program files (x86)\windows kits\10\include\10.0.10150.0\ucrt\string.h(90): note: see declaration of 'strcat'
     1>d:\postgresql\pgtriggergen-c\published\github-pgtriggergen-c\incsyncupdate\pgsqlmvtriggersgenerator v4\pgsqlmvtriggersgenerator\pmvtg_cstring.c(270): warning C4244: 'initializing': conversion from 'double' to 'int', possible loss of data
         PMVTG_Column.c
         PMVTG.c
     1>d:\postgresql\pgtriggergen-c\published\github-pgtriggergen-c\incsyncupdate\pgsqlmvtriggersgenerator v4\pgsqlmvtriggersgenerator\pmvtg.c(71): warning C4028: formal parameter 1 different from declaration
     1>d:\postgresql\pgtriggergen-c\published\github-pgtriggergen-c\incsyncupdate\pgsqlmvtriggersgenerator v4\pgsqlmvtriggersgenerator\pmvtg.c(170): warning C4018: '<': signed/unsigned mismatch
     1>d:\postgresql\pgtriggergen-c\published\github-pgtriggergen-c\incsyncupdate\pgsqlmvtriggersgenerator v4\pgsqlmvtriggersgenerator\pmvtg.c(333): warning C4101: 'j': unreferenced local variable
     1>d:\postgresql\pgtriggergen-c\published\github-pgtriggergen-c\incsyncupdate\pgsqlmvtriggersgenerator v4\pgsqlmvtriggersgenerator\pmvtg.c(343): warning C4101: 'tmp2': unreferenced local variable
     1>d:\postgresql\pgtriggergen-c\published\github-pgtriggergen-c\incsyncupdate\pgsqlmvtriggersgenerator v4\pgsqlmvtriggersgenerator\pmvtg.c(343): warning C4101: 'tmp1': unreferenced local variable
     1>d:\postgresql\pgtriggergen-c\published\github-pgtriggergen-c\incsyncupdate\pgsqlmvtriggersgenerator v4\pgsqlmvtriggersgenerator\pmvtg.c(397): warning C4018: '<': signed/unsigned mismatch
     1>d:\postgresql\pgtriggergen-c\published\github-pgtriggergen-c\incsyncupdate\pgsqlmvtriggersgenerator v4\pgsqlmvtriggersgenerator\pmvtg.c(441): warning C4018: '<': signed/unsigned mismatch
     1>d:\postgresql\pgtriggergen-c\published\github-pgtriggergen-c\incsyncupdate\pgsqlmvtriggersgenerator v4\pgsqlmvtriggersgenerator\pmvtg.c(515): warning C4018: '<': signed/unsigned mismatch
         Main.c
     1>d:\postgresql\pgtriggergen-c\published\github-pgtriggergen-c\incsyncupdate\pgsqlmvtriggersgenerator v4\pgsqlmvtriggersgenerator\main.c(36): warning C4244: 'function': conversion from 'time_t' to 'unsigned int', possible loss of data
     1>d:\postgresql\pgtriggergen-c\published\github-pgtriggergen-c\incsyncupdate\pgsqlmvtriggersgenerator v4\pgsqlmvtriggersgenerator\main.c(39): warning C4013: 'gets' undefined; assuming extern returning int
     1>d:\postgresql\pgtriggergen-c\published\github-pgtriggergen-c\incsyncupdate\pgsqlmvtriggersgenerator v4\pgsqlmvtriggersgenerator\main.c(131): warning C4018: '<': signed/unsigned mismatch
     1>d:\postgresql\pgtriggergen-c\published\github-pgtriggergen-c\incsyncupdate\pgsqlmvtriggersgenerator v4\pgsqlmvtriggersgenerator\main.c(221): warning C4018: '<': signed/unsigned mismatch
     1>d:\postgresql\pgtriggergen-c\published\github-pgtriggergen-c\incsyncupdate\pgsqlmvtriggersgenerator v4\pgsqlmvtriggersgenerator\main.c(336): warning C4018: '<': signed/unsigned mismatch
     1>d:\postgresql\pgtriggergen-c\published\github-pgtriggergen-c\incsyncupdate\pgsqlmvtriggersgenerator v4\pgsqlmvtriggersgenerator\main.c(356): warning C4018: '<': signed/unsigned mismatch
     1>d:\postgresql\pgtriggergen-c\published\github-pgtriggergen-c\incsyncupdate\pgsqlmvtriggersgenerator v4\pgsqlmvtriggersgenerator\main.c(360): warning C4018: '<': signed/unsigned mismatch
     1>d:\postgresql\pgtriggergen-c\published\github-pgtriggergen-c\incsyncupdate\pgsqlmvtriggersgenerator v4\pgsqlmvtriggersgenerator\main.c(424): warning C4018: '<': signed/unsigned mismatch
     1>d:\postgresql\pgtriggergen-c\published\github-pgtriggergen-c\incsyncupdate\pgsqlmvtriggersgenerator v4\pgsqlmvtriggersgenerator\main.c(556): warning C4018: '<': signed/unsigned mismatch
     1>d:\postgresql\pgtriggergen-c\published\github-pgtriggergen-c\incsyncupdate\pgsqlmvtriggersgenerator v4\pgsqlmvtriggersgenerator\main.c(574): warning C4018: '<': signed/unsigned mismatch
     1>d:\postgresql\pgtriggergen-c\published\github-pgtriggergen-c\incsyncupdate\pgsqlmvtriggersgenerator v4\pgsqlmvtriggersgenerator\main.c(609): warning C4018: '<': signed/unsigned mismatch
     1>d:\postgresql\pgtriggergen-c\published\github-pgtriggergen-c\incsyncupdate\pgsqlmvtriggersgenerator v4\pgsqlmvtriggersgenerator\main.c(776): warning C4018: '<': signed/unsigned mismatch
     1>d:\postgresql\pgtriggergen-c\published\github-pgtriggergen-c\incsyncupdate\pgsqlmvtriggersgenerator v4\pgsqlmvtriggersgenerator\main.c(801): warning C4018: '<': signed/unsigned mismatch
     1>d:\postgresql\pgtriggergen-c\published\github-pgtriggergen-c\incsyncupdate\pgsqlmvtriggersgenerator v4\pgsqlmvtriggersgenerator\main.c(831): warning C4018: '<': signed/unsigned mismatch
     1>d:\postgresql\pgtriggergen-c\published\github-pgtriggergen-c\incsyncupdate\pgsqlmvtriggersgenerator v4\pgsqlmvtriggersgenerator\main.c(858): warning C4018: '<': signed/unsigned mismatch
     1>d:\postgresql\pgtriggergen-c\published\github-pgtriggergen-c\incsyncupdate\pgsqlmvtriggersgenerator v4\pgsqlmvtriggersgenerator\main.c(1079): warning C4018: '<': signed/unsigned mismatch
     1>d:\postgresql\pgtriggergen-c\published\github-pgtriggergen-c\incsyncupdate\pgsqlmvtriggersgenerator v4\pgsqlmvtriggersgenerator\main.c(1107): warning C4018: '<': signed/unsigned mismatch
     1>d:\postgresql\pgtriggergen-c\published\github-pgtriggergen-c\incsyncupdate\pgsqlmvtriggersgenerator v4\pgsqlmvtriggersgenerator\main.c(1132): warning C4018: '<': signed/unsigned mismatch
     1>d:\postgresql\pgtriggergen-c\published\github-pgtriggergen-c\incsyncupdate\pgsqlmvtriggersgenerator v4\pgsqlmvtriggersgenerator\main.c(1508): warning C4018: '<': signed/unsigned mismatch
     1>d:\postgresql\pgtriggergen-c\published\github-pgtriggergen-c\incsyncupdate\pgsqlmvtriggersgenerator v4\pgsqlmvtriggersgenerator\main.c(1537): warning C4018: '<': signed/unsigned mismatch
     1>d:\postgresql\pgtriggergen-c\published\github-pgtriggergen-c\incsyncupdate\pgsqlmvtriggersgenerator v4\pgsqlmvtriggersgenerator\main.c(1562): warning C4018: '<': signed/unsigned mismatch
     1>d:\postgresql\pgtriggergen-c\published\github-pgtriggergen-c\incsyncupdate\pgsqlmvtriggersgenerator v4\pgsqlmvtriggersgenerator\main.c(1653): warning C4018: '<': signed/unsigned mismatch
     1>d:\postgresql\pgtriggergen-c\published\github-pgtriggergen-c\incsyncupdate\pgsqlmvtriggersgenerator v4\pgsqlmvtriggersgenerator\main.c(1676): warning C4018: '<': signed/unsigned mismatch
     1>d:\postgresql\pgtriggergen-c\published\github-pgtriggergen-c\incsyncupdate\pgsqlmvtriggersgenerator v4\pgsqlmvtriggersgenerator\main.c(1712): warning C4018: '<': signed/unsigned mismatch
     1>d:\postgresql\pgtriggergen-c\published\github-pgtriggergen-c\incsyncupdate\pgsqlmvtriggersgenerator v4\pgsqlmvtriggersgenerator\main.c(1835): warning C4018: '<': signed/unsigned mismatch
     1>d:\postgresql\pgtriggergen-c\published\github-pgtriggergen-c\incsyncupdate\pgsqlmvtriggersgenerator v4\pgsqlmvtriggersgenerator\main.c(1932): warning C4018: '<': signed/unsigned mismatch
     1>d:\postgresql\pgtriggergen-c\published\github-pgtriggergen-c\incsyncupdate\pgsqlmvtriggersgenerator v4\pgsqlmvtriggersgenerator\main.c(1968): warning C4018: '<': signed/unsigned mismatch
     1>d:\postgresql\pgtriggergen-c\published\github-pgtriggergen-c\incsyncupdate\pgsqlmvtriggersgenerator v4\pgsqlmvtriggersgenerator\main.c(49): warning C4477: 'scanf_s' : format string '%s' requires an argument of type 'int', but variadic argument 2 has type 'char *'
         d:\postgresql\pgtriggergen-c\published\github-pgtriggergen-c\incsyncupdate\pgsqlmvtriggersgenerator v4\pgsqlmvtriggersgenerator\main.c(49): note: this argument is used as a buffer size
     1>d:\postgresql\pgtriggergen-c\published\github-pgtriggergen-c\incsyncupdate\pgsqlmvtriggersgenerator v4\pgsqlmvtriggersgenerator\main.c(49): warning C4473: 'scanf_s' : not enough arguments passed for format string
         d:\postgresql\pgtriggergen-c\published\github-pgtriggergen-c\incsyncupdate\pgsqlmvtriggersgenerator v4\pgsqlmvtriggersgenerator\main.c(49): note: placeholders and their parameters expect 6 variadic arguments, but 3 were provided
         d:\postgresql\pgtriggergen-c\published\github-pgtriggergen-c\incsyncupdate\pgsqlmvtriggersgenerator v4\pgsqlmvtriggersgenerator\main.c(49): note: the missing variadic argument 4 is required by format string '%s'
         d:\postgresql\pgtriggergen-c\published\github-pgtriggergen-c\incsyncupdate\pgsqlmvtriggersgenerator v4\pgsqlmvtriggersgenerator\main.c(49): note: this argument is used as a buffer size
     1>d:\postgresql\pgtriggergen-c\published\github-pgtriggergen-c\incsyncupdate\pgsqlmvtriggersgenerator v4\pgsqlmvtriggersgenerator\main.c(77): warning C4477: 'scanf_s' : format string '%s' requires an argument of type 'int', but variadic argument 2 has type 'char *'
         d:\postgresql\pgtriggergen-c\published\github-pgtriggergen-c\incsyncupdate\pgsqlmvtriggersgenerator v4\pgsqlmvtriggersgenerator\main.c(77): note: this argument is used as a buffer size
     1>d:\postgresql\pgtriggergen-c\published\github-pgtriggergen-c\incsyncupdate\pgsqlmvtriggersgenerator v4\pgsqlmvtriggersgenerator\main.c(77): warning C4477: 'scanf_s' : format string '%s' requires an argument of type 'int', but variadic argument 4 has type 'char *'
         d:\postgresql\pgtriggergen-c\published\github-pgtriggergen-c\incsyncupdate\pgsqlmvtriggersgenerator v4\pgsqlmvtriggersgenerator\main.c(77): note: this argument is used as a buffer size
     1>d:\postgresql\pgtriggergen-c\published\github-pgtriggergen-c\incsyncupdate\pgsqlmvtriggersgenerator v4\pgsqlmvtriggersgenerator\main.c(77): warning C4473: 'scanf_s' : not enough arguments passed for format string
         d:\postgresql\pgtriggergen-c\published\github-pgtriggergen-c\incsyncupdate\pgsqlmvtriggersgenerator v4\pgsqlmvtriggersgenerator\main.c(77): note: placeholders and their parameters expect 8 variadic arguments, but 4 were provided
         d:\postgresql\pgtriggergen-c\published\github-pgtriggergen-c\incsyncupdate\pgsqlmvtriggersgenerator v4\pgsqlmvtriggersgenerator\main.c(77): note: the missing variadic argument 5 is required by format string '%s'
         d:\postgresql\pgtriggergen-c\published\github-pgtriggergen-c\incsyncupdate\pgsqlmvtriggersgenerator v4\pgsqlmvtriggersgenerator\main.c(77): note: this argument is used by a conversion specifier
     1>d:\postgresql\pgtriggergen-c\published\github-pgtriggergen-c\incsyncupdate\pgsqlmvtriggersgenerator v4\pgsqlmvtriggersgenerator\main.c(103): warning C4996: 'strcpy': This function or variable may be unsafe. Consider using strcpy_s instead. To disable deprecation, use _CRT_SECURE_NO_WARNINGS. See online help for details.
         c:\program files (x86)\windows kits\10\include\10.0.10150.0\ucrt\string.h(119): note: see declaration of 'strcpy'
     1>d:\postgresql\pgtriggergen-c\published\github-pgtriggergen-c\incsyncupdate\pgsqlmvtriggersgenerator v4\pgsqlmvtriggersgenerator\main.c(104): warning C4996: 'strcat': This function or variable may be unsafe. Consider using strcat_s instead. To disable deprecation, use _CRT_SECURE_NO_WARNINGS. See online help for details.
         c:\program files (x86)\windows kits\10\include\10.0.10150.0\ucrt\string.h(90): note: see declaration of 'strcat'
     1>d:\postgresql\pgtriggergen-c\published\github-pgtriggergen-c\incsyncupdate\pgsqlmvtriggersgenerator v4\pgsqlmvtriggersgenerator\main.c(105): warning C4996: 'strcat': This function or variable may be unsafe. Consider using strcat_s instead. To disable deprecation, use _CRT_SECURE_NO_WARNINGS. See online help for details.
         c:\program files (x86)\windows kits\10\include\10.0.10150.0\ucrt\string.h(90): note: see declaration of 'strcat'
     1>d:\postgresql\pgtriggergen-c\published\github-pgtriggergen-c\incsyncupdate\pgsqlmvtriggersgenerator v4\pgsqlmvtriggersgenerator\main.c(126): warning C4996: 'strcpy': This function or variable may be unsafe. Consider using strcpy_s instead. To disable deprecation, use _CRT_SECURE_NO_WARNINGS. See online help for details.
         c:\program files (x86)\windows kits\10\include\10.0.10150.0\ucrt\string.h(119): note: see declaration of 'strcpy'
     1>d:\postgresql\pgtriggergen-c\published\github-pgtriggergen-c\incsyncupdate\pgsqlmvtriggersgenerator v4\pgsqlmvtriggersgenerator\main.c(127): warning C4996: 'strcat': This function or variable may be unsafe. Consider using strcat_s instead. To disable deprecation, use _CRT_SECURE_NO_WARNINGS. See online help for details.
         c:\program files (x86)\windows kits\10\include\10.0.10150.0\ucrt\string.h(90): note: see declaration of 'strcat'
     1>d:\postgresql\pgtriggergen-c\published\github-pgtriggergen-c\incsyncupdate\pgsqlmvtriggersgenerator v4\pgsqlmvtriggersgenerator\main.c(128): warning C4996: 'strcat': This function or variable may be unsafe. Consider using strcat_s instead. To disable deprecation, use _CRT_SECURE_NO_WARNINGS. See online help for details.
         c:\program files (x86)\windows kits\10\include\10.0.10150.0\ucrt\string.h(90): note: see declaration of 'strcat'
     1>d:\postgresql\pgtriggergen-c\published\github-pgtriggergen-c\incsyncupdate\pgsqlmvtriggersgenerator v4\pgsqlmvtriggersgenerator\main.c(455): warning C4996: 'fopen': This function or variable may be unsafe. Consider using fopen_s instead. To disable deprecation, use _CRT_SECURE_NO_WARNINGS. See online help for details.
         c:\program files (x86)\windows kits\10\include\10.0.10150.0\ucrt\stdio.h(205): note: see declaration of 'fopen'
     1>d:\postgresql\pgtriggergen-c\published\github-pgtriggergen-c\incsyncupdate\pgsqlmvtriggersgenerator v4\pgsqlmvtriggersgenerator\main.c(524): warning C4996: 'fopen': This function or variable may be unsafe. Consider using fopen_s instead. To disable deprecation, use _CRT_SECURE_NO_WARNINGS. See online help for details.
         c:\program files (x86)\windows kits\10\include\10.0.10150.0\ucrt\stdio.h(205): note: see declaration of 'fopen'
     1>d:\postgresql\pgtriggergen-c\published\github-pgtriggergen-c\incsyncupdate\pgsqlmvtriggersgenerator v4\pgsqlmvtriggersgenerator\main.c(1064): warning C4474: 'fprintf' : too many arguments passed for format string
         d:\postgresql\pgtriggergen-c\published\github-pgtriggergen-c\incsyncupdate\pgsqlmvtriggersgenerator v4\pgsqlmvtriggersgenerator\main.c(1064): note: placeholders and their parameters expect 0 variadic arguments, but 1 were provided
     1>d:\postgresql\pgtriggergen-c\published\github-pgtriggergen-c\incsyncupdate\pgsqlmvtriggersgenerator v4\pgsqlmvtriggersgenerator\main.c(1507): warning C4474: 'fprintf' : too many arguments passed for format string
         d:\postgresql\pgtriggergen-c\published\github-pgtriggergen-c\incsyncupdate\pgsqlmvtriggersgenerator v4\pgsqlmvtriggersgenerator\main.c(1507): note: placeholders and their parameters expect 0 variadic arguments, but 1 were provided
         Generating Code...
     1>d:\postgresql\pgtriggergen-c\published\github-pgtriggergen-c\incsyncupdate\pgsqlmvtriggersgenerator v4\pgsqlmvtriggersgenerator\pmvtg_cstring.c(333): warning C4716: 'dammf_split': must return a value
       Link:
         C:\Program Files (x86)\Microsoft Visual Studio 14.0\VC\bin\link.exe /ERRORREPORT:PROMPT /OUT:"D:\postgresql\pgtriggerGen-C\published\github-pgtriggerGen-C\Debug\IncSyncUpdate.exe" /INCREMENTAL /NOLOGO /LIBPATH:"d:\postgresql\postgresql-9.5.4-2-windows-binaries\lib\\" kernel32.lib user32.lib gdi32.lib winspool.lib comdlg32.lib advapi32.lib shell32.lib ole32.lib oleaut32.lib uuid.lib odbc32.lib odbccp32.lib /MANIFEST /MANIFESTUAC:"level='asInvoker' uiAccess='false'" /manifest:embed /Debug /PDB:"D:\postgresql\pgtriggerGen-C\published\github-pgtriggerGen-C\Debug\IncSyncUpdate.pdb" /TLBID:1 /DYNAMICBASE /NXCOMPAT /IMPLIB:"D:\postgresql\pgtriggerGen-C\published\github-pgtriggerGen-C\Debug\IncSyncUpdate.lib" /MACHINE:X86 Debug\Main.obj
         Debug\PMVTG.obj
         Debug\PMVTG_Column.obj
         Debug\PMVTG_CString.obj
         Debug\PMVTG_Query.obj
         Debug\PMVTG_Table.obj
     1>Main.obj : error LNK2019: unresolved external symbol _PQconnectdb referenced in function _main
     1>Main.obj : error LNK2019: unresolved external symbol _PQfinish referenced in function _main
     1>PMVTG.obj : error LNK2001: unresolved external symbol _PQfinish
     1>Main.obj : error LNK2019: unresolved external symbol _PQstatus referenced in function _main
     1>Main.obj : error LNK2019: unresolved external symbol _PQerrorMessage referenced in function _main
     1>Main.obj : error LNK2019: unresolved external symbol _PQexec referenced in function _main
     1>Main.obj : error LNK2019: unresolved external symbol _PQntuples referenced in function _main
     1>Main.obj : error LNK2019: unresolved external symbol _PQgetvalue referenced in function _main
     1>Main.obj : error LNK2019: unresolved external symbol _PQclear referenced in function _main
     1>D:\postgresql\pgtriggerGen-C\published\github-pgtriggerGen-C\Debug\IncSyncUpdate.exe : fatal error LNK1120: 8 unresolved externals
     1>Done Building Project "d:\postgresql\pgtriggerGen-C\published\github-pgtriggerGen-C\IncSyncUpdate\IncSyncUpdate\IncSyncUpdate.vcxproj" (Rebuild target(s)) -- FAILED.

Build FAILED.

Time Elapsed 00:00:01.95
