d:\postgresql\pgtriggergen-c\published\github-pgtriggergen-c\incasyncupdate\incasyncupdate\x64\debug\vc140.pdb
d:\postgresql\pgtriggergen-c\published\github-pgtriggergen-c\incasyncupdate\incasyncupdate\x64\debug\vc140.idb
d:\postgresql\pgtriggergen-c\published\github-pgtriggergen-c\incasyncupdate\incasyncupdate\x64\debug\log.obj
d:\postgresql\pgtriggergen-c\published\github-pgtriggergen-c\incasyncupdate\incasyncupdate\x64\debug\mviautg_column.obj
d:\postgresql\pgtriggergen-c\published\github-pgtriggergen-c\incasyncupdate\incasyncupdate\x64\debug\mviautg_query.obj
d:\postgresql\pgtriggergen-c\published\github-pgtriggergen-c\incasyncupdate\incasyncupdate\x64\debug\mviautg_table.obj
d:\postgresql\pgtriggergen-c\published\github-pgtriggergen-c\incasyncupdate\incasyncupdate\x64\debug\main.obj
d:\postgresql\pgtriggergen-c\published\github-pgtriggergen-c\incasyncupdate\incasyncupdate\x64\debug\mviautg.obj
d:\postgresql\pgtriggergen-c\published\github-pgtriggergen-c\incasyncupdate\incasyncupdate\x64\debug\mviautg_cstring.obj
d:\postgresql\pgtriggergen-c\published\github-pgtriggergen-c\x64\debug\incasyncupdate.pdb
d:\postgresql\pgtriggergen-c\published\github-pgtriggergen-c\incasyncupdate\incasyncupdate\x64\debug\incasyncupdate.tlog\cl.command.1.tlog
d:\postgresql\pgtriggergen-c\published\github-pgtriggergen-c\incasyncupdate\incasyncupdate\x64\debug\incasyncupdate.tlog\cl.read.1.tlog
d:\postgresql\pgtriggergen-c\published\github-pgtriggergen-c\incasyncupdate\incasyncupdate\x64\debug\incasyncupdate.tlog\cl.write.1.tlog
d:\postgresql\pgtriggergen-c\published\github-pgtriggergen-c\incasyncupdate\incasyncupdate\x64\debug\incasyncupdate.tlog\link-cvtres.read.1.tlog
d:\postgresql\pgtriggergen-c\published\github-pgtriggergen-c\incasyncupdate\incasyncupdate\x64\debug\incasyncupdate.tlog\link-cvtres.write.1.tlog
d:\postgresql\pgtriggergen-c\published\github-pgtriggergen-c\incasyncupdate\incasyncupdate\x64\debug\incasyncupdate.tlog\link-rc.read.1.tlog
d:\postgresql\pgtriggergen-c\published\github-pgtriggergen-c\incasyncupdate\incasyncupdate\x64\debug\incasyncupdate.tlog\link-rc.write.1.tlog
d:\postgresql\pgtriggergen-c\published\github-pgtriggergen-c\incasyncupdate\incasyncupdate\x64\debug\incasyncupdate.tlog\link.command.1.tlog
d:\postgresql\pgtriggergen-c\published\github-pgtriggergen-c\incasyncupdate\incasyncupdate\x64\debug\incasyncupdate.tlog\link.read.1.tlog
d:\postgresql\pgtriggergen-c\published\github-pgtriggergen-c\incasyncupdate\incasyncupdate\x64\debug\incasyncupdate.tlog\link.write.1.tlog
